<?xml version="1.0" encoding="UTF-8"?>
<!-- Generated by org.testng.reporters.JUnitReportReporter -->
<testsuite skipped="0" hostname="shubhagg-mac" name="runner.TestRunner" tests="2" failures="0" timestamp="2020-01-25T13:56:44 IST" time="11.277" errors="0">
  <testcase name="runScenario" time="5.264" classname="runner.TestRunner"/>
  <testcase name="runScenario" time="6.013" classname="runner.TestRunner"/>
</testsuite> <!-- runner.TestRunner -->
