<?xml version="1.0" encoding="UTF-8"?>
<!-- Generated by org.testng.reporters.JUnitReportReporter -->
<testsuite skipped="0" hostname="shubhagg-mac" name="runner.TestRunner" tests="2" failures="0" timestamp="2020-04-16T15:35:15 IST" time="18.566" errors="0">
  <testcase name="runScenario" time="13.039" classname="runner.TestRunner"/>
  <testcase name="runScenario" time="5.527" classname="runner.TestRunner"/>
</testsuite> <!-- runner.TestRunner -->
